<?xml version="1.0" encoding="UTF-8"?>
<!-- Generated by org.testng.reporters.JUnitXMLReporter -->
<testsuite ignored="2" hostname="DESKTOP-PORQCT3" failures="1" tests="4" name="Test" time="14.773" errors="0" timestamp="2023-02-12T20:19:20 IST">
  <testcase classname="testpackage.BaseClass" name="@AfterMethod afterMethod" time="0.29">
    <failure type="java.io.FileNotFoundException" message="C:\Users\Admin\eclipse-workspace\PolicyBazar\test-output\ScreenShots\1676213348899.png (The system cannot find the path specified)">
      <![CDATA[java.io.FileNotFoundException: C:\Users\Admin\eclipse-workspace\PolicyBazar\test-output\ScreenShots\1676213348899.png (The system cannot find the path specified)
at java.base/java.io.FileOutputStream.open0(Native Method)
at java.base/java.io.FileOutputStream.open(FileOutputStream.java:293)
at java.base/java.io.FileOutputStream.<init>(FileOutputStream.java:235)
at java.base/java.io.FileOutputStream.<init>(FileOutputStream.java:184)
at org.openqa.selenium.io.FileHandler.copyFile(FileHandler.java:136)
at org.openqa.selenium.io.FileHandler.copy(FileHandler.java:115)
at utility.Screenshot.captureScreenShot(Screenshot.java:21)
at testpackage.BaseClass.afterMethod(BaseClass.java:45)
at java.base/java.util.ArrayList.forEach(ArrayList.java:1511)
... Removed 32 stack frames]]>
    </failure>
  </testcase> <!-- @AfterMethod afterMethod -->
  <testcase classname="testpackage.BaseClass" name="@AfterMethod afterMethod" time="-1.676213349208E9">
    <skipped/>
  </testcase> <!-- @AfterMethod afterMethod -->
  <testcase classname="testpackage.LandingPageCases" name="VerifySignInButtonVisiblity" time="0.449"/>
  <testcase classname="testpackage.LandingPageCases" name="VerifySignInButtonAccesiblity" time="2.107">
    <failure type="java.lang.AssertionError" message="The following asserts failed:
	expected [false] but found [true]">
      <![CDATA[java.lang.AssertionError: The following asserts failed:
expected [false] but found [true]
at testpackage.LandingPageCases.VerifySignInButtonAccesiblity(LandingPageCases.java:33)
at java.base/java.util.ArrayList.forEach(ArrayList.java:1511)
... Removed 29 stack frames]]>
    </failure>
  </testcase> <!-- VerifySignInButtonAccesiblity -->
  <testcase classname="testpackage.LandingPageCases" name="VerifyMenuBarOnLandingPage" time="0.0">
    <skipped/>
  </testcase> <!-- VerifyMenuBarOnLandingPage -->
  <testcase classname="testpackage.LogIn" name="VerifyLoginwithcorrectcredentials" time="10.918"/>
  <testcase classname="testpackage.BaseClass" name="@AfterSuite aftersuite" time="0.0">
    <ignored/>
  </testcase> <!-- @AfterSuite aftersuite -->
  <testcase classname="testpackage.BaseClass" name="@BeforeSuite beforesuite" time="0.0">
    <ignored/>
  </testcase> <!-- @BeforeSuite beforesuite -->
</testsuite> <!-- Test -->
