<?xml version="1.0" encoding="UTF-8"?>
<testng-results ignored="0" total="1" passed="1" failed="0" skipped="0">
  <reporter-output>
  </reporter-output>
  <suite started-at="2023-03-31T23:11:02 IST" name="Default suite" finished-at="2023-03-31T23:11:22 IST" duration-ms="20100">
    <groups>
    </groups>
    <test started-at="2023-03-31T23:11:02 IST" name="Default test" finished-at="2023-03-31T23:11:22 IST" duration-ms="20100">
      <class name="testpackage.LandingPageCases">
        <test-method is-config="true" signature="beforesuite()[pri:0, instance:testpackage.LandingPageCases@6356695f]" started-at="2023-03-31T23:10:43 IST" name="beforesuite" finished-at="2023-03-31T23:11:02 IST" duration-ms="19086" status="PASS">
          <reporter-output>
          </reporter-output>
        </test-method> <!-- beforesuite -->
        <test-method signature="VerifySignInWithValidCredentials()[pri:0, instance:testpackage.LandingPageCases@6356695f]" started-at="2023-03-31T23:11:02 IST" name="VerifySignInWithValidCredentials" finished-at="2023-03-31T23:11:21 IST" duration-ms="19372" status="PASS">
          <reporter-output>
          </reporter-output>
        </test-method> <!-- VerifySignInWithValidCredentials -->
        <test-method is-config="true" signature="afterMethod(org.testng.ITestResult)[pri:0, instance:testpackage.LandingPageCases@6356695f]" started-at="2023-03-31T23:11:21 IST" name="afterMethod" finished-at="2023-03-31T23:11:22 IST" duration-ms="662" status="PASS">
          <params>
            <param index="0">
              <value>
                <![CDATA[[TestResult name=VerifySignInWithValidCredentials status=SUCCESS method=LandingPageCases.VerifySignInWithValidCredentials()[pri:0, instance:testpackage.LandingPageCases@6356695f] output={null}]]]>
              </value>
            </param>
          </params>
          <reporter-output>
          </reporter-output>
        </test-method> <!-- afterMethod -->
        <test-method is-config="true" signature="aftersuite()[pri:0, instance:testpackage.LandingPageCases@6356695f]" started-at="2023-03-31T23:11:22 IST" name="aftersuite" finished-at="2023-03-31T23:11:23 IST" duration-ms="441" status="PASS">
          <reporter-output>
          </reporter-output>
        </test-method> <!-- aftersuite -->
      </class> <!-- testpackage.LandingPageCases -->
    </test> <!-- Default test -->
  </suite> <!-- Default suite -->
</testng-results>
